A-LIST   P           1,801 01-08-00  12:54a
AR-ACTIV P          10,495 01-01-00   2:10p
AR-ADD   P           5,134 04-24-00  11:08a
AR-AGE   P           8,994 01-01-00   2:12p
AR-CHG   P           4,998 04-24-00  11:12a
AR-COM   P           2,985 01-01-00   2:19p
AR-DEL   P           5,410 03-31-96  12:33p
AR-DELHS P           1,591 03-31-96  12:34p
AR-DELP  P           5,378 03-31-96  12:35p
AR-INQ   P          10,805 08-27-00  12:56p
AR-POST  P           2,170 03-31-96  12:36p
AR-RDEX  P           2,754 05-23-98  12:09p
AR-RDEXP P           2,137 03-31-96  12:38p
AR-ROLL  P           3,275 03-31-96  12:38p
AR-RPT   P           3,357 01-08-00   1:10a
AR-STATE P           9,214 03-31-96  12:40p
AR-SUB   P           2,984 01-01-00   2:18p
AR-TRF   P           4,690 03-31-96  12:41p
AR-TRIAL P           2,267 01-08-00   1:12a
AR-WINQ  P          10,792 08-27-00  12:57p
AR-YEND  P           1,060 03-31-96  12:42p
ARMAIN   P           2,116 08-26-00   1:54p
C        P             354 04-30-91   2:43p
C-LIST   P           1,797 01-08-00   1:14a
CASH-RCT P          19,095 01-08-00   1:16a
CHG-SYSC P             282 03-31-96  12:46p
CNT-ADD  P           3,152 03-31-96  12:47p
CNT-CHG  P           3,044 04-02-96   9:16a
CNTR-ADD P          25,398 10-22-99   6:06a
CNTR-CHG P          25,276 10-22-99   6:15a
CO-MENU  P             755 03-31-96  12:54p
CON-CUST P           4,315 03-31-96  12:55p
CON-DEL  P           1,373 04-08-96   9:44p
CON-MAIL P           5,820 03-31-96  12:56p
CON-RPT  P           2,688 01-08-00   1:21a
CRE-SYSC P             278 03-31-96  12:57p
DIS-SYSC P             215 03-31-96  12:58p
DV-MENU  P           1,149 03-31-96  12:58p
EMP-UPD  P           3,055 03-31-96  12:59p
FMXDATE  P             382 07-16-00   1:20p
FMXDEL   P              60 07-16-00   1:19p
GARZON   P             128 01-07-96  12:57p
GET-CO   P           2,045 09-24-99   9:39a
IN-ADD   P           8,038 03-31-96   1:18p
IN-ADDP  P           8,001 03-31-96   1:18p
IN-CHG   P           7,938 03-31-96   1:19p
IN-CHGP  P           7,853 03-31-96   1:19p
IN-CRE   P           7,603 03-31-96   1:20p
IN-CREP  P           2,926 03-31-96   1:21p
IN-DEL   P           4,162 03-31-96   1:22p
IN-DELP  P           4,163 03-31-96   1:23p
IN-PRO   P          10,206 03-01-00   8:38a
IN-PROP  P          10,331 03-31-96   1:24p
IN-REPRO P           9,743 03-01-00   8:42a
IN-REPRP P           9,868 03-31-96   1:27p
IN-RPT   P           2,617 01-01-00   2:21p
IN-RPTP  P           2,607 01-01-00   2:22p
IN-TRF   P           3,146 03-31-96   1:29p
IN-TRFP  P           3,136 03-31-96   1:30p
IN1PROPL P          14,132 10-13-96   6:18p
IN2PROPL P          17,812 10-22-99   6:50a
IND-ADD  P           2,918 03-31-96   1:32p
IND-ADDP P           2,911 03-31-96   1:33p
IND-CHG  P           2,762 03-31-96   1:34p
IND-CHGP P           2,752 03-31-96   1:34p
IND-DEL  P           2,966 03-31-96   1:35p
IND-DELP P           2,959 03-31-96   1:36p
INMAIN   P           2,390 03-31-96   1:37p
JEFF     P             118 10-28-95   7:37p
MAINMENU P           1,074 10-11-95   6:30a
MONA     P             128 07-08-96  12:44p
P07-04   P           1,843 07-03-94  11:31a
PAY-CALC P           6,987 01-01-00   3:22p
PERMIS   P             182 10-24-95   5:55a
PL-MAIL  P           5,877 10-06-00   2:46p
PL-RPT   P           2,688 01-08-00   1:35a
PLD-ADD  P          10,986 04-25-00   9:32a
PLD-CHG  P          21,472 06-24-00   2:41p
PLMAIN   P           2,133 02-20-93   1:26p
PLP-ADD  P           2,564 03-31-96   1:53p
PLP-CHG  P           2,262 06-24-00   2:48p
POSTING  P          21,456 04-25-00  10:34a
PR-WEEK  P           7,178 02-06-99   4:30p
PRINT    P             290 02-06-91  11:32a
PRO-CUST P           4,150 03-31-96   1:57p
PRO-DEL  P           1,378 04-08-96   9:43p
PROLOST  P             300 07-18-98  12:01p
PROP-SRC P           2,314 05-28-00   5:50p
REMV1    P             188 04-24-93  11:54a
REMV2    P             228 04-24-93  12:10p
REMV3    P             187 04-24-93  12:16p
REX      P             167 08-22-93  11:17a
REX1     P              64 08-22-93  11:24a
SALE-ADD P           1,043 03-31-96   2:59p
SALE-MNT P           2,685 03-31-96   3:00p
SECADM   P             308 10-11-95   6:46a
SETUPMEN P           1,070 01-20-96   7:02p
SPC-ADD  P           1,416 03-31-96   3:01p
TEST-DAT P             381 04-05-91   2:39a
TESTDATE P             240 07-12-91   1:17p
TESTEE   P              97 02-19-94   5:05p
TIMER    P             377 09-19-91   8:26a
TK-ADD   P           3,057 03-31-96   3:04p
TK-ADDJ  P          16,422 10-21-99   1:39p
TK-ADDPR P           6,563 03-31-96   3:05p
TK-ADDR  P          16,402 10-21-99   1:45p
TK-ADDRP P           6,571 03-31-96   3:06p
TK-CHG   P          11,425 10-21-99   2:13p
TK-CLEN  P           2,867 01-08-00   1:47a
TK-COMP  P           2,013 01-01-00   2:51p
TK-CRE   P           2,549 04-25-00   9:55a
TK-CREJ  P          15,543 04-25-00  10:02a
TK-CREPR P           8,973 04-25-00  10:11a
TK-CRER  P          15,516 04-25-00  10:09a
TK-DEL   P           3,862 02-06-99   1:48p
TK-DELTK P           1,194 03-31-96   3:15p
TK-DLLOC P           2,849 09-04-00   1:00p
TK-DLOUT P           2,938 09-04-00  12:44p
TK-DLSUB P           3,473 09-04-00   1:09p
TK-INC   P           1,867 01-01-00   2:31p
TK-LAST  P           2,464 01-08-00   1:52a
TK-LASTP P           2,586 01-08-00   1:53a
TK-METAR P           3,299 03-31-96   3:23p
TK-METRP P           1,990 01-08-00   1:54a
TK-PR1   P          18,508 07-01-00  11:50a
TK-PR1P  P           8,463 01-01-00   2:39p
TK-PR2   P          17,010 10-22-99   8:27a
TK-PR2P  P           7,117 01-01-00   2:43p
TK-PRO   P          13,067 01-01-00   2:35p
TK-REP   P           2,419 03-31-96   3:34p
TK-REPJ  P           6,269 10-22-99   8:31a
TK-REPR  P           6,029 10-22-99   8:35a
TK-REPRP P           6,783 10-22-99   8:38a
TK-RET   P           6,623 03-31-96   3:40p
TK-RETC  P           7,423 03-31-96   3:40p
TK-RNG   P           3,446 03-31-96   3:41p
TK-RVSR  P          18,508 07-01-00  11:51a
TK-SPEC  P           1,051 01-08-00   1:59a
TK-SPECP P             225 03-31-96   3:44p
TK-WOMP  P           1,962 01-01-00   2:51p
TKC-CRER P          15,377 10-21-99   1:54p
TKMAIN   P           2,982 07-01-00  11:23a
TRANPROP P
TRANPRP7 P
TRANPRP9.P
ZIRCON1  P             286 10-29-95   3:02p
ZIRCON2  P             723 11-05-95   1:29p
